<?xml version="1.0" encoding="UTF-8"?>
<testsuite name="tests.JugarTests" tests="1" skipped="0" failures="0" errors="0" timestamp="2021-11-12T19:24:27" hostname="MacBook-Pro-de-Aitor.local" time="0.563">
  <properties/>
  <testcase name="testMain()" classname="tests.JugarTests" time="0.563"/>
  <system-out><![CDATA[







































































































































































































-------------------------
Juego Adivina Secuecia
-------------------------
Instrucciones:
Introduce una secuencia de cuatro dígitos para adivinar la secuencia correcta.
Pueden ser dígitos del 0 al 9 
Tedras 10 intentos. Para saber si has ganado o perdido:
                Bolas Negras, indican bolas correctas en una posición correcta
                Bolas Blancas, indican bolas correctas en una posición incorrecta

Jugar --> Enter
Salir --> 0 y después Enter
--------------------------








































































































































































































                 Bolas       Blancas  Negras
    10:       
     9:       
     8:       
     7:       
     6:       
     5:       
     4:       
     3:       
     2:       
     1:       

Intento:  







































































































































































































                 Bolas       Blancas  Negras
    10:       
     9:       
     8:       
     7:       
     6:       
     5:       
     4:       
     3:       
     2:       
     1:       [2][5][4][6]	    0	    4

Intento:  







































































































































































































                 Bolas       Blancas  Negras
    10:       
     9:       
     8:       
     7:       
     6:       
     5:       
     4:       
     3:       
     2:       [9][0][0][0]	    0	    0
     1:       [2][5][4][6]	    0	    4

Intento:  







































































































































































































                 Bolas       Blancas  Negras
    10:       
     9:       
     8:       
     7:       
     6:       
     5:       
     4:       
     3:       [9][0][1][0]	    0	    0
     2:       [9][0][0][0]	    0	    0
     1:       [2][5][4][6]	    0	    4

Intento:  







































































































































































































                 Bolas       Blancas  Negras
    10:       
     9:       
     8:       
     7:       
     6:       
     5:       
     4:       [9][0][0][1]	    0	    0
     3:       [9][0][1][0]	    0	    0
     2:       [9][0][0][0]	    0	    0
     1:       [2][5][4][6]	    0	    4

Intento:  	 Incorrecto,  00005 no és un formato válido.

Intento:  







































































































































































































                 Bolas       Blancas  Negras
    10:       
     9:       
     8:       
     7:       
     6:       
     5:       [0][0][0][0]	    0	    0
     4:       [9][0][0][1]	    0	    0
     3:       [9][0][1][0]	    0	    0
     2:       [9][0][0][0]	    0	    0
     1:       [2][5][4][6]	    0	    4

Intento:  







































































































































































































                 Bolas       Blancas  Negras
    10:       
     9:       
     8:       
     7:       
     6:       [9][0][0][0]	    0	    0
     5:       [0][0][0][0]	    0	    0
     4:       [9][0][0][1]	    0	    0
     3:       [9][0][1][0]	    0	    0
     2:       [9][0][0][0]	    0	    0
     1:       [2][5][4][6]	    0	    4

Intento:  







































































































































































































                 Bolas       Blancas  Negras
    10:       
     9:       
     8:       
     7:       [0][9][0][0]	    0	    0
     6:       [9][0][0][0]	    0	    0
     5:       [0][0][0][0]	    0	    0
     4:       [9][0][0][1]	    0	    0
     3:       [9][0][1][0]	    0	    0
     2:       [9][0][0][0]	    0	    0
     1:       [2][5][4][6]	    0	    4

Intento:  







































































































































































































                 Bolas       Blancas  Negras
    10:       
     9:       
     8:       [1][5][4][3]	    0	    2
     7:       [0][9][0][0]	    0	    0
     6:       [9][0][0][0]	    0	    0
     5:       [0][0][0][0]	    0	    0
     4:       [9][0][0][1]	    0	    0
     3:       [9][0][1][0]	    0	    0
     2:       [9][0][0][0]	    0	    0
     1:       [2][5][4][6]	    0	    4

Intento:  







































































































































































































                 Bolas       Blancas  Negras
    10:       
     9:       [1][5][4][3]	    0	    2
     8:       [1][5][4][3]	    0	    2
     7:       [0][9][0][0]	    0	    0
     6:       [9][0][0][0]	    0	    0
     5:       [0][0][0][0]	    0	    0
     4:       [9][0][0][1]	    0	    0
     3:       [9][0][1][0]	    0	    0
     2:       [9][0][0][0]	    0	    0
     1:       [2][5][4][6]	    0	    4

Intento:  







































































































































































































                 Bolas       Blancas  Negras
    10:       [1][5][4][3]	    0	    2
     9:       [1][5][4][3]	    0	    2
     8:       [1][5][4][3]	    0	    2
     7:       [0][9][0][0]	    0	    0
     6:       [9][0][0][0]	    0	    0
     5:       [0][0][0][0]	    0	    0
     4:       [9][0][0][1]	    0	    0
     3:       [9][0][1][0]	    0	    0
     2:       [9][0][0][0]	    0	    0
     1:       [2][5][4][6]	    0	    4

Lo siento has perdido, la solución era: [2, 5, 4, 6]
Apretar enter para continuar...








































































































































































































-------------------------
Juego Adivina Secuecia
-------------------------
Instrucciones:
Introduce una secuencia de cuatro dígitos para adivinar la secuencia correcta.
Pueden ser dígitos del 0 al 9 
Tedras 10 intentos. Para saber si has ganado o perdido:
                Bolas Negras, indican bolas correctas en una posición correcta
                Bolas Blancas, indican bolas correctas en una posición incorrecta

Jugar --> Enter
Salir --> 0 y después Enter
--------------------------








































































































































































































                 Bolas       Blancas  Negras
    10:       
     9:       
     8:       
     7:       
     6:       
     5:       
     4:       
     3:       
     2:       
     1:       

Intento:  







































































































































































































                 Bolas       Blancas  Negras
    10:       
     9:       
     8:       
     7:       
     6:       
     5:       
     4:       
     3:       
     2:       
     1:       [2][5][4][6]	    1	    1

Intento:  







































































































































































































                 Bolas       Blancas  Negras
    10:       
     9:       
     8:       
     7:       
     6:       
     5:       
     4:       
     3:       
     2:       [9][0][0][0]	    1	    0
     1:       [2][5][4][6]	    1	    1

Intento:  







































































































































































































                 Bolas       Blancas  Negras
    10:       
     9:       
     8:       
     7:       
     6:       
     5:       
     4:       
     3:       [9][0][1][0]	    1	    0
     2:       [9][0][0][0]	    1	    0
     1:       [2][5][4][6]	    1	    1

Intento:  







































































































































































































                 Bolas       Blancas  Negras
    10:       
     9:       
     8:       
     7:       
     6:       
     5:       
     4:       [9][0][0][1]	    1	    0
     3:       [9][0][1][0]	    1	    0
     2:       [9][0][0][0]	    1	    0
     1:       [2][5][4][6]	    1	    1

Intento:  	 Incorrecto,  00005 no és un formato válido.

Intento:  







































































































































































































                 Bolas       Blancas  Negras
    10:       
     9:       
     8:       
     7:       
     6:       
     5:       [0][0][0][0]	    0	    0
     4:       [9][0][0][1]	    1	    0
     3:       [9][0][1][0]	    1	    0
     2:       [9][0][0][0]	    1	    0
     1:       [2][5][4][6]	    1	    1

Intento:  







































































































































































































                 Bolas       Blancas  Negras
    10:       
     9:       
     8:       
     7:       
     6:       [9][0][0][0]	    1	    0
     5:       [0][0][0][0]	    0	    0
     4:       [9][0][0][1]	    1	    0
     3:       [9][0][1][0]	    1	    0
     2:       [9][0][0][0]	    1	    0
     1:       [2][5][4][6]	    1	    1

Intento:  







































































































































































































                 Bolas       Blancas  Negras
    10:       
     9:       
     8:       
     7:       [0][9][0][0]	    1	    0
     6:       [9][0][0][0]	    1	    0
     5:       [0][0][0][0]	    0	    0
     4:       [9][0][0][1]	    1	    0
     3:       [9][0][1][0]	    1	    0
     2:       [9][0][0][0]	    1	    0
     1:       [2][5][4][6]	    1	    1

Intento:  







































































































































































































                 Bolas       Blancas  Negras
    10:       
     9:       
     8:       [1][5][4][3]	    1	    1
     7:       [0][9][0][0]	    1	    0
     6:       [9][0][0][0]	    1	    0
     5:       [0][0][0][0]	    0	    0
     4:       [9][0][0][1]	    1	    0
     3:       [9][0][1][0]	    1	    0
     2:       [9][0][0][0]	    1	    0
     1:       [2][5][4][6]	    1	    1

Intento:  







































































































































































































                 Bolas       Blancas  Negras
    10:       
     9:       [1][5][4][3]	    1	    1
     8:       [1][5][4][3]	    1	    1
     7:       [0][9][0][0]	    1	    0
     6:       [9][0][0][0]	    1	    0
     5:       [0][0][0][0]	    0	    0
     4:       [9][0][0][1]	    1	    0
     3:       [9][0][1][0]	    1	    0
     2:       [9][0][0][0]	    1	    0
     1:       [2][5][4][6]	    1	    1

Intento:  







































































































































































































                 Bolas       Blancas  Negras
    10:       [1][5][4][3]	    1	    1
     9:       [1][5][4][3]	    1	    1
     8:       [1][5][4][3]	    1	    1
     7:       [0][9][0][0]	    1	    0
     6:       [9][0][0][0]	    1	    0
     5:       [0][0][0][0]	    0	    0
     4:       [9][0][0][1]	    1	    0
     3:       [9][0][1][0]	    1	    0
     2:       [9][0][0][0]	    1	    0
     1:       [2][5][4][6]	    1	    1

Lo siento has perdido, la solución era: [8, 5, 9, 4]
Apretar enter para continuar...

Muy bien, has ganado!
Pulsa enter para continuar








































































































































































































-------------------------
Juego Adivina Secuecia
-------------------------
Instrucciones:
Introduce una secuencia de cuatro dígitos para adivinar la secuencia correcta.
Pueden ser dígitos del 0 al 9 
Tedras 10 intentos. Para saber si has ganado o perdido:
                Bolas Negras, indican bolas correctas en una posición correcta
                Bolas Blancas, indican bolas correctas en una posición incorrecta

Jugar --> Enter
Salir --> 0 y después Enter
--------------------------
Saliendo del juego.
]]></system-out>
  <system-err><![CDATA[]]></system-err>
</testsuite>
